{"name": "test_login", "status": "broken", "statusDetails": {"message": "selenium.common.exceptions.TimeoutException: Message: \nStacktrace:\nBacktrace:\n\tGetHandleVerifier [0x00D58893+48451]\n\t(No symbol) [0x00CEB8A1]\n\t(No symbol) [0x00BF5058]\n\t(No symbol) [0x00C20467]\n\t(No symbol) [0x00C2069B]\n\t(No symbol) [0x00C4DD92]\n\t(No symbol) [0x00C3A304]\n\t(No symbol) [0x00C4C482]\n\t(No symbol) [0x00C3A0B6]\n\t(No symbol) [0x00C17E08]\n\t(No symbol) [0x00C18F2D]\n\tGetHandleVerifier [0x00FB8E3A+2540266]\n\tGetHandleVerifier [0x00FF8959+2801161]\n\tGetHandleVerifier [0x00FF295C+2776588]\n\tGetHandleVerifier [0x00DE2280+612144]\n\t(No symbol) [0x00CF4F6C]\n\t(No symbol) [0x00CF11D8]\n\t(No symbol) [0x00CF12BB]\n\t(No symbol) [0x00CE4857]\n\tBaseThreadInitThunk [0x75E57D59+25]\n\tRtlInitializeExceptionChain [0x7700B74B+107]\n\tRtlClearBits [0x7700B6CF+191]", "trace": "self = <TestCases.test_login.Test_testlogin object at 0x00000117946DFA90>\n\n    def test_login(self):\n>       self.login_page.enter_username('')\n\nTestCases\\test_login.py:32: \n_ _ _ _ _ _ _ _ _ _ _ _ _ _ _ _ _ _ _ _ _ _ _ _ _ _ _ _ _ _ _ _ _ _ _ _ _ _ _ _\npage\\LoginPage.py:20: in enter_username\n    WebDriverWait(self.driver, 10).until(EC.visibility_of_element_located(self.username_input)).send_keys(username)\n_ _ _ _ _ _ _ _ _ _ _ _ _ _ _ _ _ _ _ _ _ _ _ _ _ _ _ _ _ _ _ _ _ _ _ _ _ _ _ _\n\nself = <selenium.webdriver.support.wait.WebDriverWait (session=\"7332ebc66d1cf0daf02da4ffcaa6aaf1\")>\nmethod = <function visibility_of_element_located.<locals>._predicate at 0x00000117979D02C0>\nmessage = ''\n\n    def until(self, method, message: str = \"\"):\n        \"\"\"Calls the method provided with the driver as an argument until the \\\n        return value does not evaluate to ``False``.\n    \n        :param method: callable(WebDriver)\n        :param message: optional message for :exc:`TimeoutException`\n        :returns: the result of the last call to `method`\n        :raises: :exc:`selenium.common.exceptions.TimeoutException` if timeout occurs\n        \"\"\"\n        screen = None\n        stacktrace = None\n    \n        end_time = time.monotonic() + self._timeout\n        while True:\n            try:\n                value = method(self._driver)\n                if value:\n                    return value\n            except self._ignored_exceptions as exc:\n                screen = getattr(exc, \"screen\", None)\n                stacktrace = getattr(exc, \"stacktrace\", None)\n            time.sleep(self._poll)\n            if time.monotonic() > end_time:\n                break\n>       raise TimeoutException(message, screen, stacktrace)\nE       selenium.common.exceptions.TimeoutException: Message: \nE       Stacktrace:\nE       Backtrace:\nE       \tGetHandleVerifier [0x00D58893+48451]\nE       \t(No symbol) [0x00CEB8A1]\nE       \t(No symbol) [0x00BF5058]\nE       \t(No symbol) [0x00C20467]\nE       \t(No symbol) [0x00C2069B]\nE       \t(No symbol) [0x00C4DD92]\nE       \t(No symbol) [0x00C3A304]\nE       \t(No symbol) [0x00C4C482]\nE       \t(No symbol) [0x00C3A0B6]\nE       \t(No symbol) [0x00C17E08]\nE       \t(No symbol) [0x00C18F2D]\nE       \tGetHandleVerifier [0x00FB8E3A+2540266]\nE       \tGetHandleVerifier [0x00FF8959+2801161]\nE       \tGetHandleVerifier [0x00FF295C+2776588]\nE       \tGetHandleVerifier [0x00DE2280+612144]\nE       \t(No symbol) [0x00CF4F6C]\nE       \t(No symbol) [0x00CF11D8]\nE       \t(No symbol) [0x00CF12BB]\nE       \t(No symbol) [0x00CE4857]\nE       \tBaseThreadInitThunk [0x75E57D59+25]\nE       \tRtlInitializeExceptionChain [0x7700B74B+107]\nE       \tRtlClearBits [0x7700B6CF+191]\n\nE:\\python\\Python311\\Lib\\site-packages\\selenium\\webdriver\\support\\wait.py:95: TimeoutException"}, "start": 1685890394170, "stop": 1685890404272, "uuid": "d4625c27-fe33-44b6-bca5-bbf130aca39f", "historyId": "dfc0cd6410304a2a5f92a96423518169", "testCaseId": "dfc0cd6410304a2a5f92a96423518169", "fullName": "TestCases.test_login.Test_testlogin#test_login", "labels": [{"name": "parentSuite", "value": "TestCases"}, {"name": "suite", "value": "test_login"}, {"name": "subSuite", "value": "Test_testlogin"}, {"name": "host", "value": "DESKTOP-2BK3DCT"}, {"name": "thread", "value": "17080-MainThread"}, {"name": "framework", "value": "pytest"}, {"name": "language", "value": "cpython3"}, {"name": "package", "value": "TestCases.test_login"}]}